La génération a démarré 08/09/2015 22:02:34.
     1>Projet "D:\Dev\Visual Studio 2015\GalaxY\GalaxY\GalaxY.vcxproj" sur le nœud 2 (Build cible(s)).
     1>ClCompile:
         C:\Program Files (x86)\Microsoft Visual Studio 14.0\VC\bin\CL.exe /c /ZI /nologo /W3 /WX- /sdl /Od /Oy- /D WIN32 /D _DEBUG /D _CONSOLE /D _CRT_SECURE_NO_WARNINGS /D _UNICODE /D UNICODE /Gm /EHsc /RTC1 /MDd /GS /fp:precise /Zc:wchar_t /Zc:forScope /Zc:inline /Fo"Debug\\" /Fd"Debug\vc140.pdb" /Gd /TC /analyze- /errorReport:prompt command.c commerce.c main.c planet.c player.c
         player.c
     1>d:\dev\visual studio 2015\galaxy\galaxy\player.h(32): error C2061: erreur de syntaxe : identificateur 'Weapon'
     1>d:\dev\visual studio 2015\galaxy\galaxy\player.h(33): error C2061: erreur de syntaxe : identificateur 'armor'
     1>d:\dev\visual studio 2015\galaxy\galaxy\player.h(33): error C2059: erreur de syntaxe : ';'
     1>d:\dev\visual studio 2015\galaxy\galaxy\player.h(34): error C2061: erreur de syntaxe : identificateur 'engine'
     1>d:\dev\visual studio 2015\galaxy\galaxy\player.h(34): error C2059: erreur de syntaxe : ';'
     1>d:\dev\visual studio 2015\galaxy\galaxy\player.h(35): error C2061: erreur de syntaxe : identificateur 'hull'
     1>d:\dev\visual studio 2015\galaxy\galaxy\player.h(35): error C2059: erreur de syntaxe : ';'
     1>d:\dev\visual studio 2015\galaxy\galaxy\player.h(58): error C2059: erreur de syntaxe : '}'
     1>d:\dev\visual studio 2015\galaxy\galaxy\player.h(66): error C2143: erreur de syntaxe : absence de '{' avant '*'
     1>d:\dev\visual studio 2015\galaxy\galaxy\player.h(67): error C2143: erreur de syntaxe : absence de ')' avant '*'
     1>d:\dev\visual studio 2015\galaxy\galaxy\player.h(67): error C2143: erreur de syntaxe : absence de '{' avant '*'
     1>d:\dev\visual studio 2015\galaxy\galaxy\player.h(67): error C2059: erreur de syntaxe : ')'
     1>d:\dev\visual studio 2015\galaxy\galaxy\player.h(71): error C2143: erreur de syntaxe : absence de ')' avant '*'
     1>d:\dev\visual studio 2015\galaxy\galaxy\player.h(71): error C2143: erreur de syntaxe : absence de '{' avant '*'
     1>d:\dev\visual studio 2015\galaxy\galaxy\player.h(71): error C2059: erreur de syntaxe : 'type'
     1>d:\dev\visual studio 2015\galaxy\galaxy\player.h(71): error C2059: erreur de syntaxe : ')'
     1>d:\dev\visual studio 2015\galaxy\galaxy\player.h(72): error C2143: erreur de syntaxe : absence de ')' avant '*'
     1>d:\dev\visual studio 2015\galaxy\galaxy\player.h(72): error C2143: erreur de syntaxe : absence de '{' avant '*'
     1>d:\dev\visual studio 2015\galaxy\galaxy\player.h(72): error C2059: erreur de syntaxe : 'type'
     1>d:\dev\visual studio 2015\galaxy\galaxy\player.h(72): error C2059: erreur de syntaxe : ')'
     1>d:\dev\visual studio 2015\galaxy\galaxy\player.h(73): error C2143: erreur de syntaxe : absence de ')' avant '*'
     1>d:\dev\visual studio 2015\galaxy\galaxy\player.h(73): error C2143: erreur de syntaxe : absence de '{' avant '*'
     1>d:\dev\visual studio 2015\galaxy\galaxy\player.h(73): error C2059: erreur de syntaxe : 'type'
     1>d:\dev\visual studio 2015\galaxy\galaxy\player.h(73): error C2059: erreur de syntaxe : ')'
     1>d:\dev\visual studio 2015\galaxy\galaxy\player.h(74): error C2143: erreur de syntaxe : absence de ')' avant '*'
     1>d:\dev\visual studio 2015\galaxy\galaxy\player.h(74): error C2143: erreur de syntaxe : absence de '{' avant '*'
     1>d:\dev\visual studio 2015\galaxy\galaxy\player.h(74): error C2059: erreur de syntaxe : 'type'
     1>d:\dev\visual studio 2015\galaxy\galaxy\player.h(74): error C2059: erreur de syntaxe : ')'
     1>d:\dev\visual studio 2015\galaxy\galaxy\player.h(75): error C2143: erreur de syntaxe : absence de ')' avant '*'
     1>d:\dev\visual studio 2015\galaxy\galaxy\player.h(75): error C2143: erreur de syntaxe : absence de '{' avant '*'
     1>d:\dev\visual studio 2015\galaxy\galaxy\player.h(75): error C2059: erreur de syntaxe : 'type'
     1>d:\dev\visual studio 2015\galaxy\galaxy\player.h(75): error C2059: erreur de syntaxe : ')'
     1>d:\dev\visual studio 2015\galaxy\galaxy\player.h(77): error C2143: erreur de syntaxe : absence de ')' avant '*'
     1>d:\dev\visual studio 2015\galaxy\galaxy\player.h(77): error C2143: erreur de syntaxe : absence de '{' avant '*'
     1>d:\dev\visual studio 2015\galaxy\galaxy\player.h(77): error C2371: 'Planet' : redéfinition ; types de base différents
         d:\dev\visual studio 2015\galaxy\galaxy\planet.h(106): note: voir la déclaration de 'Planet'
     1>d:\dev\visual studio 2015\galaxy\galaxy\player.h(77): error C2143: erreur de syntaxe : absence de ';' avant '*'
     1>d:\dev\visual studio 2015\galaxy\galaxy\player.h(77): error C2059: erreur de syntaxe : ')'
     1>d:\dev\visual studio 2015\galaxy\galaxy\player.h(79): error C2143: erreur de syntaxe : absence de ')' avant '*'
     1>d:\dev\visual studio 2015\galaxy\galaxy\player.h(79): error C2143: erreur de syntaxe : absence de '{' avant '*'
     1>d:\dev\visual studio 2015\galaxy\galaxy\player.h(79): error C2059: erreur de syntaxe : ')'
     1>d:\dev\visual studio 2015\galaxy\galaxy\player.h(80): error C2146: erreur de syntaxe : absence de ')' avant l'identificateur 'player'
     1>d:\dev\visual studio 2015\galaxy\galaxy\player.h(80): error C2061: erreur de syntaxe : identificateur 'player'
     1>d:\dev\visual studio 2015\galaxy\galaxy\player.h(80): error C2059: erreur de syntaxe : ';'
     1>d:\dev\visual studio 2015\galaxy\galaxy\player.h(80): error C2059: erreur de syntaxe : ','
     1>d:\dev\visual studio 2015\galaxy\galaxy\player.h(80): error C2059: erreur de syntaxe : ')'
     1>d:\dev\visual studio 2015\galaxy\galaxy\player.h(82): error C2146: erreur de syntaxe : absence de ')' avant l'identificateur 'player'
     1>d:\dev\visual studio 2015\galaxy\galaxy\player.h(82): error C2061: erreur de syntaxe : identificateur 'player'
     1>d:\dev\visual studio 2015\galaxy\galaxy\player.h(82): error C2059: erreur de syntaxe : ';'
     1>d:\dev\visual studio 2015\galaxy\galaxy\player.h(82): error C2059: erreur de syntaxe : ')'
     1>d:\dev\visual studio 2015\galaxy\galaxy\player.h(84): error C2143: erreur de syntaxe : absence de ')' avant '*'
     1>d:\dev\visual studio 2015\galaxy\galaxy\player.h(84): error C2143: erreur de syntaxe : absence de '{' avant '*'
     1>d:\dev\visual studio 2015\galaxy\galaxy\player.h(84): error C2059: erreur de syntaxe : 'type'
     1>d:\dev\visual studio 2015\galaxy\galaxy\player.h(84): error C2059: erreur de syntaxe : ')'
     1>d:\dev\visual studio 2015\galaxy\galaxy\player.h(85): error C2143: erreur de syntaxe : absence de ')' avant '*'
     1>d:\dev\visual studio 2015\galaxy\galaxy\player.h(85): error C2143: erreur de syntaxe : absence de '{' avant '*'
     1>d:\dev\visual studio 2015\galaxy\galaxy\player.h(85): error C2371: 'StarSystem' : redéfinition ; types de base différents
         d:\dev\visual studio 2015\galaxy\galaxy\starsystem.h(13): note: voir la déclaration de 'StarSystem'
     1>d:\dev\visual studio 2015\galaxy\galaxy\player.h(85): error C2143: erreur de syntaxe : absence de ';' avant '*'
     1>d:\dev\visual studio 2015\galaxy\galaxy\player.h(85): error C2059: erreur de syntaxe : ')'
     1>d:\dev\visual studio 2015\galaxy\galaxy\player.h(86): error C2143: erreur de syntaxe : absence de ')' avant '*'
     1>d:\dev\visual studio 2015\galaxy\galaxy\player.h(86): error C2143: erreur de syntaxe : absence de '{' avant '*'
     1>d:\dev\visual studio 2015\galaxy\galaxy\player.h(86): error C2059: erreur de syntaxe : ')'
     1>d:\dev\visual studio 2015\galaxy\galaxy\player.h(88): error C2143: erreur de syntaxe : absence de ')' avant '*'
     1>d:\dev\visual studio 2015\galaxy\galaxy\player.h(88): error C2143: erreur de syntaxe : absence de '{' avant '*'
     1>d:\dev\visual studio 2015\galaxy\galaxy\player.h(88): error C2146: erreur de syntaxe : absence de ';' avant l'identificateur 'iType'
     1>d:\dev\visual studio 2015\galaxy\galaxy\player.h(88): error C2059: erreur de syntaxe : 'type'
     1>d:\dev\visual studio 2015\galaxy\galaxy\player.h(88): error C2059: erreur de syntaxe : ')'
     1>c:\program files (x86)\windows kits\10\include\10.0.10150.0\ucrt\math.h(465): error C2365: 'exp' : redéfinition ; la précédente définition était 'variable de données'
         d:\dev\visual studio 2015\galaxy\galaxy\player.h(47): note: voir la déclaration de 'exp'
     1>c:\program files (x86)\windows kits\10\include\10.0.10150.0\ucrt\math.h(645): error C2063: 'exp' : n'est pas une fonction
     1>c:\program files (x86)\windows kits\10\include\10.0.10150.0\ucrt\math.h(645): warning C4033: 'expf' doit retourner une valeur
     1>c:\program files (x86)\windows kits\10\include\10.0.10150.0\ucrt\math.h(821): error C2063: 'exp' : n'est pas une fonction
     1>c:\program files (x86)\windows kits\10\include\10.0.10150.0\ucrt\math.h(821): warning C4033: 'expl' doit retourner une valeur
     1>d:\dev\visual studio 2015\galaxy\galaxy\commerce.h(27): error C2370: 'ItemType' : redéfinition ; classe de stockage différente
         d:\dev\visual studio 2015\galaxy\galaxy\player.h(88): note: voir la déclaration de 'ItemType'
     1>d:\dev\visual studio 2015\galaxy\galaxy\commerce.h(141): error C2143: erreur de syntaxe : absence de ')' avant '*'
     1>d:\dev\visual studio 2015\galaxy\galaxy\commerce.h(141): error C2081: 'Player' : nom non conforme dans la liste de paramètres formels
     1>d:\dev\visual studio 2015\galaxy\galaxy\commerce.h(141): error C2143: erreur de syntaxe : absence de '{' avant '*'
     1>d:\dev\visual studio 2015\galaxy\galaxy\commerce.h(141): error C2059: erreur de syntaxe : ')'
     1>d:\dev\visual studio 2015\galaxy\galaxy\commerce.h(143): error C2143: erreur de syntaxe : absence de ')' avant '*'
     1>d:\dev\visual studio 2015\galaxy\galaxy\commerce.h(143): error C2143: erreur de syntaxe : absence de '{' avant '*'
     1>d:\dev\visual studio 2015\galaxy\galaxy\commerce.h(143): error C2059: erreur de syntaxe : ')'
     1>d:\dev\visual studio 2015\galaxy\galaxy\commerce.h(144): error C2143: erreur de syntaxe : absence de ')' avant '*'
     1>d:\dev\visual studio 2015\galaxy\galaxy\commerce.h(144): error C2143: erreur de syntaxe : absence de '{' avant '*'
     1>d:\dev\visual studio 2015\galaxy\galaxy\commerce.h(144): error C2059: erreur de syntaxe : ')'
     1>d:\dev\visual studio 2015\galaxy\galaxy\commerce.h(145): error C2143: erreur de syntaxe : absence de ')' avant '*'
     1>d:\dev\visual studio 2015\galaxy\galaxy\commerce.h(145): error C2143: erreur de syntaxe : absence de '{' avant '*'
     1>d:\dev\visual studio 2015\galaxy\galaxy\commerce.h(145): error C2059: erreur de syntaxe : ')'
     1>d:\dev\visual studio 2015\galaxy\galaxy\commerce.h(146): error C2143: erreur de syntaxe : absence de ')' avant '*'
     1>d:\dev\visual studio 2015\galaxy\galaxy\commerce.h(146): error C2143: erreur de syntaxe : absence de '{' avant '*'
     1>d:\dev\visual studio 2015\galaxy\galaxy\commerce.h(146): error C2059: erreur de syntaxe : ')'
     1>d:\dev\visual studio 2015\galaxy\galaxy\commerce.h(148): error C2146: erreur de syntaxe : absence de ')' avant l'identificateur 'iType'
     1>d:\dev\visual studio 2015\galaxy\galaxy\commerce.h(148): error C2081: 'ItemType' : nom non conforme dans la liste de paramètres formels
     1>d:\dev\visual studio 2015\galaxy\galaxy\commerce.h(148): error C2061: erreur de syntaxe : identificateur 'iType'
     1>d:\dev\visual studio 2015\galaxy\galaxy\commerce.h(148): error C2059: erreur de syntaxe : ';'
     1>d:\dev\visual studio 2015\galaxy\galaxy\commerce.h(148): error C2059: erreur de syntaxe : ','
     1>d:\dev\visual studio 2015\galaxy\galaxy\commerce.h(148): error C2059: erreur de syntaxe : ')'
     1>d:\dev\visual studio 2015\galaxy\galaxy\commerce.h(150): error C2146: erreur de syntaxe : absence de ')' avant l'identificateur 'iType'
     1>d:\dev\visual studio 2015\galaxy\galaxy\commerce.h(150): error C2081: 'ItemType' : nom non conforme dans la liste de paramètres formels
     1>d:\dev\visual studio 2015\galaxy\galaxy\commerce.h(150): error C2061: erreur de syntaxe : identificateur 'iType'
     1>d:\dev\visual studio 2015\galaxy\galaxy\commerce.h(150): error C2059: erreur de syntaxe : ';'
     1>d:\dev\visual studio 2015\galaxy\galaxy\commerce.h(150): error C2059: erreur de syntaxe : ','
     1>d:\dev\visual studio 2015\galaxy\galaxy\commerce.h(150): error C2059: erreur de syntaxe : ')'
     1>d:\dev\visual studio 2015\galaxy\galaxy\player.c(14): error C2143: erreur de syntaxe : absence de '{' avant '*'
     1>d:\dev\visual studio 2015\galaxy\galaxy\player.c(15): error C2065: 'Player' : identificateur non déclaré
     1>d:\dev\visual studio 2015\galaxy\galaxy\player.c(15): error C2297: '*' : non conforme, l'opérande droit est du type 'int *'
     1>d:\dev\visual studio 2015\galaxy\galaxy\player.c(15): fatal error C1003: le nombre d'erreurs est supérieur à 100 ; arrêt de la compilation
         planet.c
     1>d:\dev\visual studio 2015\galaxy\galaxy\player.h(32): error C2061: erreur de syntaxe : identificateur 'Weapon'
     1>d:\dev\visual studio 2015\galaxy\galaxy\player.h(33): error C2061: erreur de syntaxe : identificateur 'armor'
     1>d:\dev\visual studio 2015\galaxy\galaxy\player.h(33): error C2059: erreur de syntaxe : ';'
     1>d:\dev\visual studio 2015\galaxy\galaxy\player.h(34): error C2061: erreur de syntaxe : identificateur 'engine'
     1>d:\dev\visual studio 2015\galaxy\galaxy\player.h(34): error C2059: erreur de syntaxe : ';'
     1>d:\dev\visual studio 2015\galaxy\galaxy\player.h(35): error C2061: erreur de syntaxe : identificateur 'hull'
     1>d:\dev\visual studio 2015\galaxy\galaxy\player.h(35): error C2059: erreur de syntaxe : ';'
     1>d:\dev\visual studio 2015\galaxy\galaxy\player.h(47): error C2365: 'exp' : redéfinition ; la précédente définition était 'fonction'
         c:\program files (x86)\windows kits\10\include\10.0.10150.0\ucrt\math.h(465): note: voir la déclaration de 'exp'
     1>d:\dev\visual studio 2015\galaxy\galaxy\player.h(58): error C2059: erreur de syntaxe : '}'
     1>d:\dev\visual studio 2015\galaxy\galaxy\player.h(66): error C2143: erreur de syntaxe : absence de '{' avant '*'
     1>d:\dev\visual studio 2015\galaxy\galaxy\player.h(67): error C2143: erreur de syntaxe : absence de ')' avant '*'
     1>d:\dev\visual studio 2015\galaxy\galaxy\player.h(67): error C2143: erreur de syntaxe : absence de '{' avant '*'
     1>d:\dev\visual studio 2015\galaxy\galaxy\player.h(67): error C2059: erreur de syntaxe : ')'
     1>d:\dev\visual studio 2015\galaxy\galaxy\player.h(71): error C2143: erreur de syntaxe : absence de ')' avant '*'
     1>d:\dev\visual studio 2015\galaxy\galaxy\player.h(71): error C2143: erreur de syntaxe : absence de '{' avant '*'
     1>d:\dev\visual studio 2015\galaxy\galaxy\player.h(71): error C2059: erreur de syntaxe : 'type'
     1>d:\dev\visual studio 2015\galaxy\galaxy\player.h(71): error C2059: erreur de syntaxe : ')'
     1>d:\dev\visual studio 2015\galaxy\galaxy\player.h(72): error C2143: erreur de syntaxe : absence de ')' avant '*'
     1>d:\dev\visual studio 2015\galaxy\galaxy\player.h(72): error C2143: erreur de syntaxe : absence de '{' avant '*'
     1>d:\dev\visual studio 2015\galaxy\galaxy\player.h(72): error C2059: erreur de syntaxe : 'type'
     1>d:\dev\visual studio 2015\galaxy\galaxy\player.h(72): error C2059: erreur de syntaxe : ')'
     1>d:\dev\visual studio 2015\galaxy\galaxy\player.h(73): error C2143: erreur de syntaxe : absence de ')' avant '*'
     1>d:\dev\visual studio 2015\galaxy\galaxy\player.h(73): error C2143: erreur de syntaxe : absence de '{' avant '*'
     1>d:\dev\visual studio 2015\galaxy\galaxy\player.h(73): error C2059: erreur de syntaxe : 'type'
     1>d:\dev\visual studio 2015\galaxy\galaxy\player.h(73): error C2059: erreur de syntaxe : ')'
     1>d:\dev\visual studio 2015\galaxy\galaxy\player.h(74): error C2143: erreur de syntaxe : absence de ')' avant '*'
     1>d:\dev\visual studio 2015\galaxy\galaxy\player.h(74): error C2143: erreur de syntaxe : absence de '{' avant '*'
     1>d:\dev\visual studio 2015\galaxy\galaxy\player.h(74): error C2059: erreur de syntaxe : 'type'
     1>d:\dev\visual studio 2015\galaxy\galaxy\player.h(74): error C2059: erreur de syntaxe : ')'
     1>d:\dev\visual studio 2015\galaxy\galaxy\player.h(75): error C2143: erreur de syntaxe : absence de ')' avant '*'
     1>d:\dev\visual studio 2015\galaxy\galaxy\player.h(75): error C2143: erreur de syntaxe : absence de '{' avant '*'
     1>d:\dev\visual studio 2015\galaxy\galaxy\player.h(75): error C2059: erreur de syntaxe : 'type'
     1>d:\dev\visual studio 2015\galaxy\galaxy\player.h(75): error C2059: erreur de syntaxe : ')'
     1>d:\dev\visual studio 2015\galaxy\galaxy\player.h(77): error C2143: erreur de syntaxe : absence de ')' avant '*'
     1>d:\dev\visual studio 2015\galaxy\galaxy\player.h(77): error C2143: erreur de syntaxe : absence de '{' avant '*'
     1>d:\dev\visual studio 2015\galaxy\galaxy\player.h(77): error C2371: 'Planet' : redéfinition ; types de base différents
         d:\dev\visual studio 2015\galaxy\galaxy\planet.h(106): note: voir la déclaration de 'Planet'
     1>d:\dev\visual studio 2015\galaxy\galaxy\player.h(77): error C2143: erreur de syntaxe : absence de ';' avant '*'
     1>d:\dev\visual studio 2015\galaxy\galaxy\player.h(77): error C2059: erreur de syntaxe : ')'
     1>d:\dev\visual studio 2015\galaxy\galaxy\player.h(79): error C2143: erreur de syntaxe : absence de ')' avant '*'
     1>d:\dev\visual studio 2015\galaxy\galaxy\player.h(79): error C2143: erreur de syntaxe : absence de '{' avant '*'
     1>d:\dev\visual studio 2015\galaxy\galaxy\player.h(79): error C2059: erreur de syntaxe : ')'
     1>d:\dev\visual studio 2015\galaxy\galaxy\player.h(80): error C2146: erreur de syntaxe : absence de ')' avant l'identificateur 'player'
     1>d:\dev\visual studio 2015\galaxy\galaxy\player.h(80): error C2061: erreur de syntaxe : identificateur 'player'
     1>d:\dev\visual studio 2015\galaxy\galaxy\player.h(80): error C2059: erreur de syntaxe : ';'
     1>d:\dev\visual studio 2015\galaxy\galaxy\player.h(80): error C2059: erreur de syntaxe : ','
     1>d:\dev\visual studio 2015\galaxy\galaxy\player.h(80): error C2059: erreur de syntaxe : ')'
     1>d:\dev\visual studio 2015\galaxy\galaxy\player.h(82): error C2146: erreur de syntaxe : absence de ')' avant l'identificateur 'player'
     1>d:\dev\visual studio 2015\galaxy\galaxy\player.h(82): error C2061: erreur de syntaxe : identificateur 'player'
     1>d:\dev\visual studio 2015\galaxy\galaxy\player.h(82): error C2059: erreur de syntaxe : ';'
     1>d:\dev\visual studio 2015\galaxy\galaxy\player.h(82): error C2059: erreur de syntaxe : ')'
     1>d:\dev\visual studio 2015\galaxy\galaxy\player.h(84): error C2143: erreur de syntaxe : absence de ')' avant '*'
     1>d:\dev\visual studio 2015\galaxy\galaxy\player.h(84): error C2143: erreur de syntaxe : absence de '{' avant '*'
     1>d:\dev\visual studio 2015\galaxy\galaxy\player.h(84): error C2059: erreur de syntaxe : 'type'
     1>d:\dev\visual studio 2015\galaxy\galaxy\player.h(84): error C2059: erreur de syntaxe : ')'
     1>d:\dev\visual studio 2015\galaxy\galaxy\player.h(85): error C2143: erreur de syntaxe : absence de ')' avant '*'
     1>d:\dev\visual studio 2015\galaxy\galaxy\player.h(85): error C2143: erreur de syntaxe : absence de '{' avant '*'
     1>d:\dev\visual studio 2015\galaxy\galaxy\player.h(85): error C2371: 'StarSystem' : redéfinition ; types de base différents
         d:\dev\visual studio 2015\galaxy\galaxy\starsystem.h(13): note: voir la déclaration de 'StarSystem'
     1>d:\dev\visual studio 2015\galaxy\galaxy\player.h(85): error C2143: erreur de syntaxe : absence de ';' avant '*'
     1>d:\dev\visual studio 2015\galaxy\galaxy\player.h(85): error C2059: erreur de syntaxe : ')'
     1>d:\dev\visual studio 2015\galaxy\galaxy\player.h(86): error C2143: erreur de syntaxe : absence de ')' avant '*'
     1>d:\dev\visual studio 2015\galaxy\galaxy\player.h(86): error C2143: erreur de syntaxe : absence de '{' avant '*'
     1>d:\dev\visual studio 2015\galaxy\galaxy\player.h(86): error C2059: erreur de syntaxe : ')'
     1>d:\dev\visual studio 2015\galaxy\galaxy\player.h(88): error C2143: erreur de syntaxe : absence de ')' avant '*'
     1>d:\dev\visual studio 2015\galaxy\galaxy\player.h(88): error C2143: erreur de syntaxe : absence de '{' avant '*'
     1>d:\dev\visual studio 2015\galaxy\galaxy\player.h(88): error C2146: erreur de syntaxe : absence de ';' avant l'identificateur 'iType'
     1>d:\dev\visual studio 2015\galaxy\galaxy\player.h(88): error C2059: erreur de syntaxe : 'type'
     1>d:\dev\visual studio 2015\galaxy\galaxy\player.h(88): error C2059: erreur de syntaxe : ')'
         main.c
     1>d:\dev\visual studio 2015\galaxy\galaxy\player.h(32): error C2061: erreur de syntaxe : identificateur 'Weapon'
     1>d:\dev\visual studio 2015\galaxy\galaxy\player.h(33): error C2061: erreur de syntaxe : identificateur 'armor'
     1>d:\dev\visual studio 2015\galaxy\galaxy\player.h(33): error C2059: erreur de syntaxe : ';'
     1>d:\dev\visual studio 2015\galaxy\galaxy\player.h(34): error C2061: erreur de syntaxe : identificateur 'engine'
     1>d:\dev\visual studio 2015\galaxy\galaxy\player.h(34): error C2059: erreur de syntaxe : ';'
     1>d:\dev\visual studio 2015\galaxy\galaxy\player.h(35): error C2061: erreur de syntaxe : identificateur 'hull'
     1>d:\dev\visual studio 2015\galaxy\galaxy\player.h(35): error C2059: erreur de syntaxe : ';'
     1>d:\dev\visual studio 2015\galaxy\galaxy\player.h(58): error C2059: erreur de syntaxe : '}'
     1>d:\dev\visual studio 2015\galaxy\galaxy\player.h(66): error C2143: erreur de syntaxe : absence de '{' avant '*'
     1>d:\dev\visual studio 2015\galaxy\galaxy\player.h(67): error C2143: erreur de syntaxe : absence de ')' avant '*'
     1>d:\dev\visual studio 2015\galaxy\galaxy\player.h(67): error C2143: erreur de syntaxe : absence de '{' avant '*'
     1>d:\dev\visual studio 2015\galaxy\galaxy\player.h(67): error C2059: erreur de syntaxe : ')'
     1>d:\dev\visual studio 2015\galaxy\galaxy\player.h(71): error C2143: erreur de syntaxe : absence de ')' avant '*'
     1>d:\dev\visual studio 2015\galaxy\galaxy\player.h(71): error C2143: erreur de syntaxe : absence de '{' avant '*'
     1>d:\dev\visual studio 2015\galaxy\galaxy\player.h(71): error C2059: erreur de syntaxe : 'type'
     1>d:\dev\visual studio 2015\galaxy\galaxy\player.h(71): error C2059: erreur de syntaxe : ')'
     1>d:\dev\visual studio 2015\galaxy\galaxy\player.h(72): error C2143: erreur de syntaxe : absence de ')' avant '*'
     1>d:\dev\visual studio 2015\galaxy\galaxy\player.h(72): error C2143: erreur de syntaxe : absence de '{' avant '*'
     1>d:\dev\visual studio 2015\galaxy\galaxy\player.h(72): error C2059: erreur de syntaxe : 'type'
     1>d:\dev\visual studio 2015\galaxy\galaxy\player.h(72): error C2059: erreur de syntaxe : ')'
     1>d:\dev\visual studio 2015\galaxy\galaxy\player.h(73): error C2143: erreur de syntaxe : absence de ')' avant '*'
     1>d:\dev\visual studio 2015\galaxy\galaxy\player.h(73): error C2143: erreur de syntaxe : absence de '{' avant '*'
     1>d:\dev\visual studio 2015\galaxy\galaxy\player.h(73): error C2059: erreur de syntaxe : 'type'
     1>d:\dev\visual studio 2015\galaxy\galaxy\player.h(73): error C2059: erreur de syntaxe : ')'
     1>d:\dev\visual studio 2015\galaxy\galaxy\player.h(74): error C2143: erreur de syntaxe : absence de ')' avant '*'
     1>d:\dev\visual studio 2015\galaxy\galaxy\player.h(74): error C2143: erreur de syntaxe : absence de '{' avant '*'
     1>d:\dev\visual studio 2015\galaxy\galaxy\player.h(74): error C2059: erreur de syntaxe : 'type'
     1>d:\dev\visual studio 2015\galaxy\galaxy\player.h(74): error C2059: erreur de syntaxe : ')'
     1>d:\dev\visual studio 2015\galaxy\galaxy\player.h(75): error C2143: erreur de syntaxe : absence de ')' avant '*'
     1>d:\dev\visual studio 2015\galaxy\galaxy\player.h(75): error C2143: erreur de syntaxe : absence de '{' avant '*'
     1>d:\dev\visual studio 2015\galaxy\galaxy\player.h(75): error C2059: erreur de syntaxe : 'type'
     1>d:\dev\visual studio 2015\galaxy\galaxy\player.h(75): error C2059: erreur de syntaxe : ')'
     1>d:\dev\visual studio 2015\galaxy\galaxy\player.h(77): error C2143: erreur de syntaxe : absence de ')' avant '*'
     1>d:\dev\visual studio 2015\galaxy\galaxy\player.h(77): error C2143: erreur de syntaxe : absence de '{' avant '*'
     1>d:\dev\visual studio 2015\galaxy\galaxy\player.h(77): error C2371: 'Planet' : redéfinition ; types de base différents
         d:\dev\visual studio 2015\galaxy\galaxy\planet.h(106): note: voir la déclaration de 'Planet'
     1>d:\dev\visual studio 2015\galaxy\galaxy\player.h(77): error C2143: erreur de syntaxe : absence de ';' avant '*'
     1>d:\dev\visual studio 2015\galaxy\galaxy\player.h(77): error C2059: erreur de syntaxe : ')'
     1>d:\dev\visual studio 2015\galaxy\galaxy\player.h(79): error C2143: erreur de syntaxe : absence de ')' avant '*'
     1>d:\dev\visual studio 2015\galaxy\galaxy\player.h(79): error C2143: erreur de syntaxe : absence de '{' avant '*'
     1>d:\dev\visual studio 2015\galaxy\galaxy\player.h(79): error C2059: erreur de syntaxe : ')'
     1>d:\dev\visual studio 2015\galaxy\galaxy\player.h(80): error C2146: erreur de syntaxe : absence de ')' avant l'identificateur 'player'
     1>d:\dev\visual studio 2015\galaxy\galaxy\player.h(80): error C2061: erreur de syntaxe : identificateur 'player'
     1>d:\dev\visual studio 2015\galaxy\galaxy\player.h(80): error C2059: erreur de syntaxe : ';'
     1>d:\dev\visual studio 2015\galaxy\galaxy\player.h(80): error C2059: erreur de syntaxe : ','
     1>d:\dev\visual studio 2015\galaxy\galaxy\player.h(80): error C2059: erreur de syntaxe : ')'
     1>d:\dev\visual studio 2015\galaxy\galaxy\player.h(82): error C2146: erreur de syntaxe : absence de ')' avant l'identificateur 'player'
     1>d:\dev\visual studio 2015\galaxy\galaxy\player.h(82): error C2061: erreur de syntaxe : identificateur 'player'
     1>d:\dev\visual studio 2015\galaxy\galaxy\player.h(82): error C2059: erreur de syntaxe : ';'
     1>d:\dev\visual studio 2015\galaxy\galaxy\player.h(82): error C2059: erreur de syntaxe : ')'
     1>d:\dev\visual studio 2015\galaxy\galaxy\player.h(84): error C2143: erreur de syntaxe : absence de ')' avant '*'
     1>d:\dev\visual studio 2015\galaxy\galaxy\player.h(84): error C2143: erreur de syntaxe : absence de '{' avant '*'
     1>d:\dev\visual studio 2015\galaxy\galaxy\player.h(84): error C2059: erreur de syntaxe : 'type'
     1>d:\dev\visual studio 2015\galaxy\galaxy\player.h(84): error C2059: erreur de syntaxe : ')'
     1>d:\dev\visual studio 2015\galaxy\galaxy\player.h(85): error C2143: erreur de syntaxe : absence de ')' avant '*'
     1>d:\dev\visual studio 2015\galaxy\galaxy\player.h(85): error C2143: erreur de syntaxe : absence de '{' avant '*'
     1>d:\dev\visual studio 2015\galaxy\galaxy\player.h(85): error C2371: 'StarSystem' : redéfinition ; types de base différents
         d:\dev\visual studio 2015\galaxy\galaxy\starsystem.h(13): note: voir la déclaration de 'StarSystem'
     1>d:\dev\visual studio 2015\galaxy\galaxy\player.h(85): error C2143: erreur de syntaxe : absence de ';' avant '*'
     1>d:\dev\visual studio 2015\galaxy\galaxy\player.h(85): error C2059: erreur de syntaxe : ')'
     1>d:\dev\visual studio 2015\galaxy\galaxy\player.h(86): error C2143: erreur de syntaxe : absence de ')' avant '*'
     1>d:\dev\visual studio 2015\galaxy\galaxy\player.h(86): error C2143: erreur de syntaxe : absence de '{' avant '*'
     1>d:\dev\visual studio 2015\galaxy\galaxy\player.h(86): error C2059: erreur de syntaxe : ')'
     1>d:\dev\visual studio 2015\galaxy\galaxy\player.h(88): error C2143: erreur de syntaxe : absence de ')' avant '*'
     1>d:\dev\visual studio 2015\galaxy\galaxy\player.h(88): error C2143: erreur de syntaxe : absence de '{' avant '*'
     1>d:\dev\visual studio 2015\galaxy\galaxy\player.h(88): error C2146: erreur de syntaxe : absence de ';' avant l'identificateur 'iType'
     1>d:\dev\visual studio 2015\galaxy\galaxy\player.h(88): error C2059: erreur de syntaxe : 'type'
     1>d:\dev\visual studio 2015\galaxy\galaxy\player.h(88): error C2059: erreur de syntaxe : ')'
     1>d:\dev\visual studio 2015\galaxy\galaxy\command.h(29): error C2143: erreur de syntaxe : absence de ')' avant '*'
     1>d:\dev\visual studio 2015\galaxy\galaxy\command.h(29): error C2143: erreur de syntaxe : absence de '{' avant '*'
     1>d:\dev\visual studio 2015\galaxy\galaxy\command.h(29): error C2059: erreur de syntaxe : ')'
     1>d:\dev\visual studio 2015\galaxy\galaxy\command.h(33): error C2143: erreur de syntaxe : absence de ')' avant '*'
     1>d:\dev\visual studio 2015\galaxy\galaxy\command.h(33): error C2143: erreur de syntaxe : absence de '{' avant '*'
     1>d:\dev\visual studio 2015\galaxy\galaxy\command.h(33): error C2371: 'Token' : redéfinition ; types de base différents
         d:\dev\visual studio 2015\galaxy\galaxy\command.h(25): note: voir la déclaration de 'Token'
     1>d:\dev\visual studio 2015\galaxy\galaxy\command.h(33): error C2143: erreur de syntaxe : absence de ';' avant '*'
     1>d:\dev\visual studio 2015\galaxy\galaxy\command.h(33): error C2059: erreur de syntaxe : ')'
     1>d:\dev\visual studio 2015\galaxy\galaxy\command.h(34): error C2143: erreur de syntaxe : absence de ')' avant '*'
     1>d:\dev\visual studio 2015\galaxy\galaxy\command.h(34): error C2143: erreur de syntaxe : absence de '{' avant '*'
     1>d:\dev\visual studio 2015\galaxy\galaxy\command.h(34): error C2371: 'Token' : redéfinition ; types de base différents
         d:\dev\visual studio 2015\galaxy\galaxy\command.h(25): note: voir la déclaration de 'Token'
     1>d:\dev\visual studio 2015\galaxy\galaxy\command.h(34): error C2143: erreur de syntaxe : absence de ';' avant '*'
     1>d:\dev\visual studio 2015\galaxy\galaxy\command.h(34): error C2059: erreur de syntaxe : ')'
     1>d:\dev\visual studio 2015\galaxy\galaxy\command.h(35): error C2143: erreur de syntaxe : absence de ')' avant '*'
     1>d:\dev\visual studio 2015\galaxy\galaxy\command.h(35): error C2143: erreur de syntaxe : absence de '{' avant '*'
     1>d:\dev\visual studio 2015\galaxy\galaxy\command.h(35): error C2371: 'Token' : redéfinition ; types de base différents
         d:\dev\visual studio 2015\galaxy\galaxy\command.h(25): note: voir la déclaration de 'Token'
     1>d:\dev\visual studio 2015\galaxy\galaxy\command.h(35): error C2143: erreur de syntaxe : absence de ';' avant '*'
     1>d:\dev\visual studio 2015\galaxy\galaxy\command.h(35): error C2059: erreur de syntaxe : ')'
     1>d:\dev\visual studio 2015\galaxy\galaxy\command.h(36): error C2143: erreur de syntaxe : absence de ')' avant '*'
     1>d:\dev\visual studio 2015\galaxy\galaxy\command.h(36): error C2143: erreur de syntaxe : absence de '{' avant '*'
     1>d:\dev\visual studio 2015\galaxy\galaxy\command.h(36): error C2371: 'Token' : redéfinition ; types de base différents
         d:\dev\visual studio 2015\galaxy\galaxy\command.h(25): note: voir la déclaration de 'Token'
     1>d:\dev\visual studio 2015\galaxy\galaxy\command.h(36): error C2143: erreur de syntaxe : absence de ';' avant '*'
     1>d:\dev\visual studio 2015\galaxy\galaxy\command.h(36): error C2059: erreur de syntaxe : ')'
     1>d:\dev\visual studio 2015\galaxy\galaxy\command.h(37): error C2143: erreur de syntaxe : absence de ')' avant '*'
     1>d:\dev\visual studio 2015\galaxy\galaxy\command.h(37): error C2143: erreur de syntaxe : absence de '{' avant '*'
     1>d:\dev\visual studio 2015\galaxy\galaxy\command.h(37): error C2371: 'Token' : redéfinition ; types de base différents
         d:\dev\visual studio 2015\galaxy\galaxy\command.h(25): note: voir la déclaration de 'Token'
     1>d:\dev\visual studio 2015\galaxy\galaxy\command.h(37): error C2143: erreur de syntaxe : absence de ';' avant '*'
     1>d:\dev\visual studio 2015\galaxy\galaxy\command.h(37): error C2059: erreur de syntaxe : ')'
     1>d:\dev\visual studio 2015\galaxy\galaxy\command.h(38): error C2143: erreur de syntaxe : absence de ')' avant '*'
     1>d:\dev\visual studio 2015\galaxy\galaxy\command.h(38): error C2143: erreur de syntaxe : absence de '{' avant '*'
     1>d:\dev\visual studio 2015\galaxy\galaxy\command.h(38): error C2371: 'Token' : redéfinition ; types de base différents
         d:\dev\visual studio 2015\galaxy\galaxy\command.h(25): note: voir la déclaration de 'Token'
     1>d:\dev\visual studio 2015\galaxy\galaxy\command.h(38): error C2143: erreur de syntaxe : absence de ';' avant '*'
     1>d:\dev\visual studio 2015\galaxy\galaxy\command.h(38): error C2059: erreur de syntaxe : ')'
     1>d:\dev\visual studio 2015\galaxy\galaxy\command.h(39): error C2143: erreur de syntaxe : absence de ')' avant '*'
     1>d:\dev\visual studio 2015\galaxy\galaxy\command.h(39): error C2143: erreur de syntaxe : absence de '{' avant '*'
     1>d:\dev\visual studio 2015\galaxy\galaxy\command.h(39): fatal error C1003: le nombre d'erreurs est supérieur à 100 ; arrêt de la compilation
         commerce.c
     1>d:\dev\visual studio 2015\galaxy\galaxy\player.h(32): error C2061: erreur de syntaxe : identificateur 'Weapon'
     1>d:\dev\visual studio 2015\galaxy\galaxy\player.h(33): error C2061: erreur de syntaxe : identificateur 'armor'
     1>d:\dev\visual studio 2015\galaxy\galaxy\player.h(33): error C2059: erreur de syntaxe : ';'
     1>d:\dev\visual studio 2015\galaxy\galaxy\player.h(34): error C2061: erreur de syntaxe : identificateur 'engine'
     1>d:\dev\visual studio 2015\galaxy\galaxy\player.h(34): error C2059: erreur de syntaxe : ';'
     1>d:\dev\visual studio 2015\galaxy\galaxy\player.h(35): error C2061: erreur de syntaxe : identificateur 'hull'
     1>d:\dev\visual studio 2015\galaxy\galaxy\player.h(35): error C2059: erreur de syntaxe : ';'
     1>d:\dev\visual studio 2015\galaxy\galaxy\player.h(58): error C2059: erreur de syntaxe : '}'
     1>d:\dev\visual studio 2015\galaxy\galaxy\player.h(66): error C2143: erreur de syntaxe : absence de '{' avant '*'
     1>d:\dev\visual studio 2015\galaxy\galaxy\player.h(67): error C2143: erreur de syntaxe : absence de ')' avant '*'
     1>d:\dev\visual studio 2015\galaxy\galaxy\player.h(67): error C2143: erreur de syntaxe : absence de '{' avant '*'
     1>d:\dev\visual studio 2015\galaxy\galaxy\player.h(67): error C2059: erreur de syntaxe : ')'
     1>d:\dev\visual studio 2015\galaxy\galaxy\player.h(71): error C2143: erreur de syntaxe : absence de ')' avant '*'
     1>d:\dev\visual studio 2015\galaxy\galaxy\player.h(71): error C2143: erreur de syntaxe : absence de '{' avant '*'
     1>d:\dev\visual studio 2015\galaxy\galaxy\player.h(71): error C2059: erreur de syntaxe : 'type'
     1>d:\dev\visual studio 2015\galaxy\galaxy\player.h(71): error C2059: erreur de syntaxe : ')'
     1>d:\dev\visual studio 2015\galaxy\galaxy\player.h(72): error C2143: erreur de syntaxe : absence de ')' avant '*'
     1>d:\dev\visual studio 2015\galaxy\galaxy\player.h(72): error C2143: erreur de syntaxe : absence de '{' avant '*'
     1>d:\dev\visual studio 2015\galaxy\galaxy\player.h(72): error C2059: erreur de syntaxe : 'type'
     1>d:\dev\visual studio 2015\galaxy\galaxy\player.h(72): error C2059: erreur de syntaxe : ')'
     1>d:\dev\visual studio 2015\galaxy\galaxy\player.h(73): error C2143: erreur de syntaxe : absence de ')' avant '*'
     1>d:\dev\visual studio 2015\galaxy\galaxy\player.h(73): error C2143: erreur de syntaxe : absence de '{' avant '*'
     1>d:\dev\visual studio 2015\galaxy\galaxy\player.h(73): error C2059: erreur de syntaxe : 'type'
     1>d:\dev\visual studio 2015\galaxy\galaxy\player.h(73): error C2059: erreur de syntaxe : ')'
     1>d:\dev\visual studio 2015\galaxy\galaxy\player.h(74): error C2143: erreur de syntaxe : absence de ')' avant '*'
     1>d:\dev\visual studio 2015\galaxy\galaxy\player.h(74): error C2143: erreur de syntaxe : absence de '{' avant '*'
     1>d:\dev\visual studio 2015\galaxy\galaxy\player.h(74): error C2059: erreur de syntaxe : 'type'
     1>d:\dev\visual studio 2015\galaxy\galaxy\player.h(74): error C2059: erreur de syntaxe : ')'
     1>d:\dev\visual studio 2015\galaxy\galaxy\player.h(75): error C2143: erreur de syntaxe : absence de ')' avant '*'
     1>d:\dev\visual studio 2015\galaxy\galaxy\player.h(75): error C2143: erreur de syntaxe : absence de '{' avant '*'
     1>d:\dev\visual studio 2015\galaxy\galaxy\player.h(75): error C2059: erreur de syntaxe : 'type'
     1>d:\dev\visual studio 2015\galaxy\galaxy\player.h(75): error C2059: erreur de syntaxe : ')'
     1>d:\dev\visual studio 2015\galaxy\galaxy\player.h(77): error C2143: erreur de syntaxe : absence de ')' avant '*'
     1>d:\dev\visual studio 2015\galaxy\galaxy\player.h(77): error C2143: erreur de syntaxe : absence de '{' avant '*'
     1>d:\dev\visual studio 2015\galaxy\galaxy\player.h(77): error C2371: 'Planet' : redéfinition ; types de base différents
         d:\dev\visual studio 2015\galaxy\galaxy\planet.h(106): note: voir la déclaration de 'Planet'
     1>d:\dev\visual studio 2015\galaxy\galaxy\player.h(77): error C2143: erreur de syntaxe : absence de ';' avant '*'
     1>d:\dev\visual studio 2015\galaxy\galaxy\player.h(77): error C2059: erreur de syntaxe : ')'
     1>d:\dev\visual studio 2015\galaxy\galaxy\player.h(79): error C2143: erreur de syntaxe : absence de ')' avant '*'
     1>d:\dev\visual studio 2015\galaxy\galaxy\player.h(79): error C2143: erreur de syntaxe : absence de '{' avant '*'
     1>d:\dev\visual studio 2015\galaxy\galaxy\player.h(79): error C2059: erreur de syntaxe : ')'
     1>d:\dev\visual studio 2015\galaxy\galaxy\player.h(80): error C2146: erreur de syntaxe : absence de ')' avant l'identificateur 'player'
     1>d:\dev\visual studio 2015\galaxy\galaxy\player.h(80): error C2061: erreur de syntaxe : identificateur 'player'
     1>d:\dev\visual studio 2015\galaxy\galaxy\player.h(80): error C2059: erreur de syntaxe : ';'
     1>d:\dev\visual studio 2015\galaxy\galaxy\player.h(80): error C2059: erreur de syntaxe : ','
     1>d:\dev\visual studio 2015\galaxy\galaxy\player.h(80): error C2059: erreur de syntaxe : ')'
     1>d:\dev\visual studio 2015\galaxy\galaxy\player.h(82): error C2146: erreur de syntaxe : absence de ')' avant l'identificateur 'player'
     1>d:\dev\visual studio 2015\galaxy\galaxy\player.h(82): error C2061: erreur de syntaxe : identificateur 'player'
     1>d:\dev\visual studio 2015\galaxy\galaxy\player.h(82): error C2059: erreur de syntaxe : ';'
     1>d:\dev\visual studio 2015\galaxy\galaxy\player.h(82): error C2059: erreur de syntaxe : ')'
     1>d:\dev\visual studio 2015\galaxy\galaxy\player.h(84): error C2143: erreur de syntaxe : absence de ')' avant '*'
     1>d:\dev\visual studio 2015\galaxy\galaxy\player.h(84): error C2143: erreur de syntaxe : absence de '{' avant '*'
     1>d:\dev\visual studio 2015\galaxy\galaxy\player.h(84): error C2059: erreur de syntaxe : 'type'
     1>d:\dev\visual studio 2015\galaxy\galaxy\player.h(84): error C2059: erreur de syntaxe : ')'
     1>d:\dev\visual studio 2015\galaxy\galaxy\player.h(85): error C2143: erreur de syntaxe : absence de ')' avant '*'
     1>d:\dev\visual studio 2015\galaxy\galaxy\player.h(85): error C2143: erreur de syntaxe : absence de '{' avant '*'
     1>d:\dev\visual studio 2015\galaxy\galaxy\player.h(85): error C2371: 'StarSystem' : redéfinition ; types de base différents
         d:\dev\visual studio 2015\galaxy\galaxy\starsystem.h(13): note: voir la déclaration de 'StarSystem'
     1>d:\dev\visual studio 2015\galaxy\galaxy\player.h(85): error C2143: erreur de syntaxe : absence de ';' avant '*'
     1>d:\dev\visual studio 2015\galaxy\galaxy\player.h(85): error C2059: erreur de syntaxe : ')'
     1>d:\dev\visual studio 2015\galaxy\galaxy\player.h(86): error C2143: erreur de syntaxe : absence de ')' avant '*'
     1>d:\dev\visual studio 2015\galaxy\galaxy\player.h(86): error C2143: erreur de syntaxe : absence de '{' avant '*'
     1>d:\dev\visual studio 2015\galaxy\galaxy\player.h(86): error C2059: erreur de syntaxe : ')'
     1>d:\dev\visual studio 2015\galaxy\galaxy\player.h(88): error C2143: erreur de syntaxe : absence de ')' avant '*'
     1>d:\dev\visual studio 2015\galaxy\galaxy\player.h(88): error C2143: erreur de syntaxe : absence de '{' avant '*'
     1>d:\dev\visual studio 2015\galaxy\galaxy\player.h(88): error C2146: erreur de syntaxe : absence de ';' avant l'identificateur 'iType'
     1>d:\dev\visual studio 2015\galaxy\galaxy\player.h(88): error C2059: erreur de syntaxe : 'type'
     1>d:\dev\visual studio 2015\galaxy\galaxy\player.h(88): error C2059: erreur de syntaxe : ')'
     1>d:\dev\visual studio 2015\galaxy\galaxy\commerce.h(27): error C2370: 'ItemType' : redéfinition ; classe de stockage différente
         d:\dev\visual studio 2015\galaxy\galaxy\player.h(88): note: voir la déclaration de 'ItemType'
     1>d:\dev\visual studio 2015\galaxy\galaxy\commerce.h(141): error C2143: erreur de syntaxe : absence de ')' avant '*'
     1>d:\dev\visual studio 2015\galaxy\galaxy\commerce.h(141): error C2081: 'Player' : nom non conforme dans la liste de paramètres formels
     1>d:\dev\visual studio 2015\galaxy\galaxy\commerce.h(141): error C2143: erreur de syntaxe : absence de '{' avant '*'
     1>d:\dev\visual studio 2015\galaxy\galaxy\commerce.h(141): error C2059: erreur de syntaxe : ')'
     1>d:\dev\visual studio 2015\galaxy\galaxy\commerce.h(143): error C2143: erreur de syntaxe : absence de ')' avant '*'
     1>d:\dev\visual studio 2015\galaxy\galaxy\commerce.h(143): error C2143: erreur de syntaxe : absence de '{' avant '*'
     1>d:\dev\visual studio 2015\galaxy\galaxy\commerce.h(143): error C2059: erreur de syntaxe : ')'
     1>d:\dev\visual studio 2015\galaxy\galaxy\commerce.h(144): error C2143: erreur de syntaxe : absence de ')' avant '*'
     1>d:\dev\visual studio 2015\galaxy\galaxy\commerce.h(144): error C2143: erreur de syntaxe : absence de '{' avant '*'
     1>d:\dev\visual studio 2015\galaxy\galaxy\commerce.h(144): error C2059: erreur de syntaxe : ')'
     1>d:\dev\visual studio 2015\galaxy\galaxy\commerce.h(145): error C2143: erreur de syntaxe : absence de ')' avant '*'
     1>d:\dev\visual studio 2015\galaxy\galaxy\commerce.h(145): error C2143: erreur de syntaxe : absence de '{' avant '*'
     1>d:\dev\visual studio 2015\galaxy\galaxy\commerce.h(145): error C2059: erreur de syntaxe : ')'
     1>d:\dev\visual studio 2015\galaxy\galaxy\commerce.h(146): error C2143: erreur de syntaxe : absence de ')' avant '*'
     1>d:\dev\visual studio 2015\galaxy\galaxy\commerce.h(146): error C2143: erreur de syntaxe : absence de '{' avant '*'
     1>d:\dev\visual studio 2015\galaxy\galaxy\commerce.h(146): error C2059: erreur de syntaxe : ')'
     1>d:\dev\visual studio 2015\galaxy\galaxy\commerce.h(148): error C2146: erreur de syntaxe : absence de ')' avant l'identificateur 'iType'
     1>d:\dev\visual studio 2015\galaxy\galaxy\commerce.h(148): error C2081: 'ItemType' : nom non conforme dans la liste de paramètres formels
     1>d:\dev\visual studio 2015\galaxy\galaxy\commerce.h(148): error C2061: erreur de syntaxe : identificateur 'iType'
     1>d:\dev\visual studio 2015\galaxy\galaxy\commerce.h(148): error C2059: erreur de syntaxe : ';'
     1>d:\dev\visual studio 2015\galaxy\galaxy\commerce.h(148): error C2059: erreur de syntaxe : ','
     1>d:\dev\visual studio 2015\galaxy\galaxy\commerce.h(148): error C2059: erreur de syntaxe : ')'
     1>d:\dev\visual studio 2015\galaxy\galaxy\commerce.h(150): error C2146: erreur de syntaxe : absence de ')' avant l'identificateur 'iType'
     1>d:\dev\visual studio 2015\galaxy\galaxy\commerce.h(150): error C2081: 'ItemType' : nom non conforme dans la liste de paramètres formels
     1>d:\dev\visual studio 2015\galaxy\galaxy\commerce.h(150): error C2061: erreur de syntaxe : identificateur 'iType'
     1>d:\dev\visual studio 2015\galaxy\galaxy\commerce.h(150): error C2059: erreur de syntaxe : ';'
     1>d:\dev\visual studio 2015\galaxy\galaxy\commerce.h(150): error C2059: erreur de syntaxe : ','
     1>d:\dev\visual studio 2015\galaxy\galaxy\commerce.h(150): error C2059: erreur de syntaxe : ')'
     1>d:\dev\visual studio 2015\galaxy\galaxy\commerce.c(20): error C2143: erreur de syntaxe : absence de ')' avant '*'
     1>d:\dev\visual studio 2015\galaxy\galaxy\commerce.c(20): error C2081: 'Player' : nom non conforme dans la liste de paramètres formels
     1>d:\dev\visual studio 2015\galaxy\galaxy\commerce.c(20): error C2143: erreur de syntaxe : absence de '{' avant '*'
     1>d:\dev\visual studio 2015\galaxy\galaxy\commerce.c(20): error C2059: erreur de syntaxe : ')'
     1>d:\dev\visual studio 2015\galaxy\galaxy\commerce.c(20): error C2054: '(' attendu après 'p'
     1>d:\dev\visual studio 2015\galaxy\galaxy\commerce.c(33): error C2143: erreur de syntaxe : absence de ')' avant '*'
     1>d:\dev\visual studio 2015\galaxy\galaxy\commerce.c(33): fatal error C1003: le nombre d'erreurs est supérieur à 100 ; arrêt de la compilation
         command.c
     1>d:\dev\visual studio 2015\galaxy\galaxy\player.h(32): error C2061: erreur de syntaxe : identificateur 'Weapon'
     1>d:\dev\visual studio 2015\galaxy\galaxy\player.h(33): error C2061: erreur de syntaxe : identificateur 'armor'
     1>d:\dev\visual studio 2015\galaxy\galaxy\player.h(33): error C2059: erreur de syntaxe : ';'
     1>d:\dev\visual studio 2015\galaxy\galaxy\player.h(34): error C2061: erreur de syntaxe : identificateur 'engine'
     1>d:\dev\visual studio 2015\galaxy\galaxy\player.h(34): error C2059: erreur de syntaxe : ';'
     1>d:\dev\visual studio 2015\galaxy\galaxy\player.h(35): error C2061: erreur de syntaxe : identificateur 'hull'
     1>d:\dev\visual studio 2015\galaxy\galaxy\player.h(35): error C2059: erreur de syntaxe : ';'
     1>d:\dev\visual studio 2015\galaxy\galaxy\player.h(58): error C2059: erreur de syntaxe : '}'
     1>d:\dev\visual studio 2015\galaxy\galaxy\player.h(66): error C2143: erreur de syntaxe : absence de '{' avant '*'
     1>d:\dev\visual studio 2015\galaxy\galaxy\player.h(67): error C2143: erreur de syntaxe : absence de ')' avant '*'
     1>d:\dev\visual studio 2015\galaxy\galaxy\player.h(67): error C2143: erreur de syntaxe : absence de '{' avant '*'
     1>d:\dev\visual studio 2015\galaxy\galaxy\player.h(67): error C2059: erreur de syntaxe : ')'
     1>d:\dev\visual studio 2015\galaxy\galaxy\player.h(71): error C2143: erreur de syntaxe : absence de ')' avant '*'
     1>d:\dev\visual studio 2015\galaxy\galaxy\player.h(71): error C2143: erreur de syntaxe : absence de '{' avant '*'
     1>d:\dev\visual studio 2015\galaxy\galaxy\player.h(71): error C2059: erreur de syntaxe : 'type'
     1>d:\dev\visual studio 2015\galaxy\galaxy\player.h(71): error C2059: erreur de syntaxe : ')'
     1>d:\dev\visual studio 2015\galaxy\galaxy\player.h(72): error C2143: erreur de syntaxe : absence de ')' avant '*'
     1>d:\dev\visual studio 2015\galaxy\galaxy\player.h(72): error C2143: erreur de syntaxe : absence de '{' avant '*'
     1>d:\dev\visual studio 2015\galaxy\galaxy\player.h(72): error C2059: erreur de syntaxe : 'type'
     1>d:\dev\visual studio 2015\galaxy\galaxy\player.h(72): error C2059: erreur de syntaxe : ')'
     1>d:\dev\visual studio 2015\galaxy\galaxy\player.h(73): error C2143: erreur de syntaxe : absence de ')' avant '*'
     1>d:\dev\visual studio 2015\galaxy\galaxy\player.h(73): error C2143: erreur de syntaxe : absence de '{' avant '*'
     1>d:\dev\visual studio 2015\galaxy\galaxy\player.h(73): error C2059: erreur de syntaxe : 'type'
     1>d:\dev\visual studio 2015\galaxy\galaxy\player.h(73): error C2059: erreur de syntaxe : ')'
     1>d:\dev\visual studio 2015\galaxy\galaxy\player.h(74): error C2143: erreur de syntaxe : absence de ')' avant '*'
     1>d:\dev\visual studio 2015\galaxy\galaxy\player.h(74): error C2143: erreur de syntaxe : absence de '{' avant '*'
     1>d:\dev\visual studio 2015\galaxy\galaxy\player.h(74): error C2059: erreur de syntaxe : 'type'
     1>d:\dev\visual studio 2015\galaxy\galaxy\player.h(74): error C2059: erreur de syntaxe : ')'
     1>d:\dev\visual studio 2015\galaxy\galaxy\player.h(75): error C2143: erreur de syntaxe : absence de ')' avant '*'
     1>d:\dev\visual studio 2015\galaxy\galaxy\player.h(75): error C2143: erreur de syntaxe : absence de '{' avant '*'
     1>d:\dev\visual studio 2015\galaxy\galaxy\player.h(75): error C2059: erreur de syntaxe : 'type'
     1>d:\dev\visual studio 2015\galaxy\galaxy\player.h(75): error C2059: erreur de syntaxe : ')'
     1>d:\dev\visual studio 2015\galaxy\galaxy\player.h(77): error C2143: erreur de syntaxe : absence de ')' avant '*'
     1>d:\dev\visual studio 2015\galaxy\galaxy\player.h(77): error C2143: erreur de syntaxe : absence de '{' avant '*'
     1>d:\dev\visual studio 2015\galaxy\galaxy\player.h(77): error C2371: 'Planet' : redéfinition ; types de base différents
         d:\dev\visual studio 2015\galaxy\galaxy\planet.h(106): note: voir la déclaration de 'Planet'
     1>d:\dev\visual studio 2015\galaxy\galaxy\player.h(77): error C2143: erreur de syntaxe : absence de ';' avant '*'
     1>d:\dev\visual studio 2015\galaxy\galaxy\player.h(77): error C2059: erreur de syntaxe : ')'
     1>d:\dev\visual studio 2015\galaxy\galaxy\player.h(79): error C2143: erreur de syntaxe : absence de ')' avant '*'
     1>d:\dev\visual studio 2015\galaxy\galaxy\player.h(79): error C2143: erreur de syntaxe : absence de '{' avant '*'
     1>d:\dev\visual studio 2015\galaxy\galaxy\player.h(79): error C2059: erreur de syntaxe : ')'
     1>d:\dev\visual studio 2015\galaxy\galaxy\player.h(80): error C2146: erreur de syntaxe : absence de ')' avant l'identificateur 'player'
     1>d:\dev\visual studio 2015\galaxy\galaxy\player.h(80): error C2061: erreur de syntaxe : identificateur 'player'
     1>d:\dev\visual studio 2015\galaxy\galaxy\player.h(80): error C2059: erreur de syntaxe : ';'
     1>d:\dev\visual studio 2015\galaxy\galaxy\player.h(80): error C2059: erreur de syntaxe : ','
     1>d:\dev\visual studio 2015\galaxy\galaxy\player.h(80): error C2059: erreur de syntaxe : ')'
     1>d:\dev\visual studio 2015\galaxy\galaxy\player.h(82): error C2146: erreur de syntaxe : absence de ')' avant l'identificateur 'player'
     1>d:\dev\visual studio 2015\galaxy\galaxy\player.h(82): error C2061: erreur de syntaxe : identificateur 'player'
     1>d:\dev\visual studio 2015\galaxy\galaxy\player.h(82): error C2059: erreur de syntaxe : ';'
     1>d:\dev\visual studio 2015\galaxy\galaxy\player.h(82): error C2059: erreur de syntaxe : ')'
     1>d:\dev\visual studio 2015\galaxy\galaxy\player.h(84): error C2143: erreur de syntaxe : absence de ')' avant '*'
     1>d:\dev\visual studio 2015\galaxy\galaxy\player.h(84): error C2143: erreur de syntaxe : absence de '{' avant '*'
     1>d:\dev\visual studio 2015\galaxy\galaxy\player.h(84): error C2059: erreur de syntaxe : 'type'
     1>d:\dev\visual studio 2015\galaxy\galaxy\player.h(84): error C2059: erreur de syntaxe : ')'
     1>d:\dev\visual studio 2015\galaxy\galaxy\player.h(85): error C2143: erreur de syntaxe : absence de ')' avant '*'
     1>d:\dev\visual studio 2015\galaxy\galaxy\player.h(85): error C2143: erreur de syntaxe : absence de '{' avant '*'
     1>d:\dev\visual studio 2015\galaxy\galaxy\player.h(85): error C2371: 'StarSystem' : redéfinition ; types de base différents
         d:\dev\visual studio 2015\galaxy\galaxy\starsystem.h(13): note: voir la déclaration de 'StarSystem'
     1>d:\dev\visual studio 2015\galaxy\galaxy\player.h(85): error C2143: erreur de syntaxe : absence de ';' avant '*'
     1>d:\dev\visual studio 2015\galaxy\galaxy\player.h(85): error C2059: erreur de syntaxe : ')'
     1>d:\dev\visual studio 2015\galaxy\galaxy\player.h(86): error C2143: erreur de syntaxe : absence de ')' avant '*'
     1>d:\dev\visual studio 2015\galaxy\galaxy\player.h(86): error C2143: erreur de syntaxe : absence de '{' avant '*'
     1>d:\dev\visual studio 2015\galaxy\galaxy\player.h(86): error C2059: erreur de syntaxe : ')'
     1>d:\dev\visual studio 2015\galaxy\galaxy\player.h(88): error C2143: erreur de syntaxe : absence de ')' avant '*'
     1>d:\dev\visual studio 2015\galaxy\galaxy\player.h(88): error C2143: erreur de syntaxe : absence de '{' avant '*'
     1>d:\dev\visual studio 2015\galaxy\galaxy\player.h(88): error C2146: erreur de syntaxe : absence de ';' avant l'identificateur 'iType'
     1>d:\dev\visual studio 2015\galaxy\galaxy\player.h(88): error C2059: erreur de syntaxe : 'type'
     1>d:\dev\visual studio 2015\galaxy\galaxy\player.h(88): error C2059: erreur de syntaxe : ')'
     1>d:\dev\visual studio 2015\galaxy\galaxy\command.h(29): error C2143: erreur de syntaxe : absence de ')' avant '*'
     1>d:\dev\visual studio 2015\galaxy\galaxy\command.h(29): error C2143: erreur de syntaxe : absence de '{' avant '*'
     1>d:\dev\visual studio 2015\galaxy\galaxy\command.h(29): error C2059: erreur de syntaxe : ')'
     1>d:\dev\visual studio 2015\galaxy\galaxy\command.h(33): error C2143: erreur de syntaxe : absence de ')' avant '*'
     1>d:\dev\visual studio 2015\galaxy\galaxy\command.h(33): error C2143: erreur de syntaxe : absence de '{' avant '*'
     1>d:\dev\visual studio 2015\galaxy\galaxy\command.h(33): error C2371: 'Token' : redéfinition ; types de base différents
         d:\dev\visual studio 2015\galaxy\galaxy\command.h(25): note: voir la déclaration de 'Token'
     1>d:\dev\visual studio 2015\galaxy\galaxy\command.h(33): error C2143: erreur de syntaxe : absence de ';' avant '*'
     1>d:\dev\visual studio 2015\galaxy\galaxy\command.h(33): error C2059: erreur de syntaxe : ')'
     1>d:\dev\visual studio 2015\galaxy\galaxy\command.h(34): error C2143: erreur de syntaxe : absence de ')' avant '*'
     1>d:\dev\visual studio 2015\galaxy\galaxy\command.h(34): error C2143: erreur de syntaxe : absence de '{' avant '*'
     1>d:\dev\visual studio 2015\galaxy\galaxy\command.h(34): error C2371: 'Token' : redéfinition ; types de base différents
         d:\dev\visual studio 2015\galaxy\galaxy\command.h(25): note: voir la déclaration de 'Token'
     1>d:\dev\visual studio 2015\galaxy\galaxy\command.h(34): error C2143: erreur de syntaxe : absence de ';' avant '*'
     1>d:\dev\visual studio 2015\galaxy\galaxy\command.h(34): error C2059: erreur de syntaxe : ')'
     1>d:\dev\visual studio 2015\galaxy\galaxy\command.h(35): error C2143: erreur de syntaxe : absence de ')' avant '*'
     1>d:\dev\visual studio 2015\galaxy\galaxy\command.h(35): error C2143: erreur de syntaxe : absence de '{' avant '*'
     1>d:\dev\visual studio 2015\galaxy\galaxy\command.h(35): error C2371: 'Token' : redéfinition ; types de base différents
         d:\dev\visual studio 2015\galaxy\galaxy\command.h(25): note: voir la déclaration de 'Token'
     1>d:\dev\visual studio 2015\galaxy\galaxy\command.h(35): error C2143: erreur de syntaxe : absence de ';' avant '*'
     1>d:\dev\visual studio 2015\galaxy\galaxy\command.h(35): error C2059: erreur de syntaxe : ')'
     1>d:\dev\visual studio 2015\galaxy\galaxy\command.h(36): error C2143: erreur de syntaxe : absence de ')' avant '*'
     1>d:\dev\visual studio 2015\galaxy\galaxy\command.h(36): error C2143: erreur de syntaxe : absence de '{' avant '*'
     1>d:\dev\visual studio 2015\galaxy\galaxy\command.h(36): error C2371: 'Token' : redéfinition ; types de base différents
         d:\dev\visual studio 2015\galaxy\galaxy\command.h(25): note: voir la déclaration de 'Token'
     1>d:\dev\visual studio 2015\galaxy\galaxy\command.h(36): error C2143: erreur de syntaxe : absence de ';' avant '*'
     1>d:\dev\visual studio 2015\galaxy\galaxy\command.h(36): error C2059: erreur de syntaxe : ')'
     1>d:\dev\visual studio 2015\galaxy\galaxy\command.h(37): error C2143: erreur de syntaxe : absence de ')' avant '*'
     1>d:\dev\visual studio 2015\galaxy\galaxy\command.h(37): error C2143: erreur de syntaxe : absence de '{' avant '*'
     1>d:\dev\visual studio 2015\galaxy\galaxy\command.h(37): error C2371: 'Token' : redéfinition ; types de base différents
         d:\dev\visual studio 2015\galaxy\galaxy\command.h(25): note: voir la déclaration de 'Token'
     1>d:\dev\visual studio 2015\galaxy\galaxy\command.h(37): error C2143: erreur de syntaxe : absence de ';' avant '*'
     1>d:\dev\visual studio 2015\galaxy\galaxy\command.h(37): error C2059: erreur de syntaxe : ')'
     1>d:\dev\visual studio 2015\galaxy\galaxy\command.h(38): error C2143: erreur de syntaxe : absence de ')' avant '*'
     1>d:\dev\visual studio 2015\galaxy\galaxy\command.h(38): error C2143: erreur de syntaxe : absence de '{' avant '*'
     1>d:\dev\visual studio 2015\galaxy\galaxy\command.h(38): error C2371: 'Token' : redéfinition ; types de base différents
         d:\dev\visual studio 2015\galaxy\galaxy\command.h(25): note: voir la déclaration de 'Token'
     1>d:\dev\visual studio 2015\galaxy\galaxy\command.h(38): error C2143: erreur de syntaxe : absence de ';' avant '*'
     1>d:\dev\visual studio 2015\galaxy\galaxy\command.h(38): error C2059: erreur de syntaxe : ')'
     1>d:\dev\visual studio 2015\galaxy\galaxy\command.h(39): error C2143: erreur de syntaxe : absence de ')' avant '*'
     1>d:\dev\visual studio 2015\galaxy\galaxy\command.h(39): error C2143: erreur de syntaxe : absence de '{' avant '*'
     1>d:\dev\visual studio 2015\galaxy\galaxy\command.h(39): fatal error C1003: le nombre d'erreurs est supérieur à 100 ; arrêt de la compilation
         Génération de code en cours...
     1>Génération du projet "D:\Dev\Visual Studio 2015\GalaxY\GalaxY\GalaxY.vcxproj" terminée (Build cible(s)) -- ÉCHEC.

ÉCHEC de la build.

Temps écoulé 00:00:00.39
